#
# A fatal error has been detected by the Java Runtime Environment:
#
#  SIGSEGV (0xb) at pc=0x00007fff89fbd0dd, pid=7847, tid=1811
#
# JRE version: Java(TM) SE Runtime Environment (7.0_67-b01) (build 1.7.0_67-b01)
# Java VM: Java HotSpot(TM) 64-Bit Server VM (24.65-b04 mixed mode bsd-amd64 compressed oops)
# Problematic frame:
# C  [libobjc.A.dylib+0x10dd]  objc_msgSend+0x1d
#
# Failed to write core dump. Core dumps have been disabled. To enable core dumping, try "ulimit -c unlimited" before starting Java again
#
# If you would like to submit a bug report, please visit:
#   http://bugreport.sun.com/bugreport/crash.jsp
# The crash happened outside the Java Virtual Machine in native code.
# See problematic frame for where to report the bug.
#

---------------  T H R E A D  ---------------

Current thread (0x00007fc2e382b000):  JavaThread "AppKit Thread" daemon [_thread_in_native, id=1811, stack(0x00007fff50bce000,0x00007fff50c4e000)]

siginfo:si_signo=SIGSEGV: si_errno=0, si_code=1 (SEGV_MAPERR), si_addr=0x000007fc2e2d5720

Registers:
RAX=0x00007fc2e2d56b80, RBX=0x00007fff50c49928, RCX=0x0000000000000000, RDX=0x00007fc2e2e1dd90
RSP=0x00007fff50c49748, RBP=0x00007fff50c49750, RSI=0x00007fff8cbb52b4, RDI=0x00007fc2e2d56b80
R8 =0x00007fff50c49730, R9 =0x0000000000000055, R10=0x00007fff8cbb52b4, R11=0x000007fc2e2d5708
R12=0x00007fc2e2d32190, R13=0x00000000000f42e8, R14=0x00007fc2e2f56e70, R15=0x00007fff50c49888
RIP=0x00007fff89fbd0dd, EFLAGS=0x0000000000010202, ERR=0x0000000000000004
  TRAPNO=0x000000000000000e

Top of Stack: (sp=0x00007fff50c49748)
0x00007fff50c49748:   00007fff89959cdc 00007fff50c49ab0
0x00007fff50c49758:   00007fff8984b244 00007fff50c497dc
0x00007fff50c49768:   00007fff50c497e0 00007fff50c497e4
0x00007fff50c49778:   00007fff74956c88 ffffffffffffffff
0x00007fff50c49788:   00000000000007f8 00007fff74956ca0
0x00007fff50c49798:   00007fc2e2f56e70 0000000000000000
0x00007fff50c497a8:   00007fff50c49880 0000000000000000
0x00007fff50c497b8:   00007fc2e2f566e0 00007fff50c49900
0x00007fff50c497c8:   0000000000000055 00000000000f42ea
0x00007fff50c497d8:   00007fc2e2e1dd90 00007fc2e2f56110
0x00007fff50c497e8:   00007fc2e2d32190 0000000000000001
0x00007fff50c497f8:   00000000000f42e8 00007fc2e2d32180
0x00007fff50c49808:   00007fff90e8d7ba 00000001e2f4d2c0
0x00007fff50c49818:   00007fff738ea0d0 0000000042000000
0x00007fff50c49828:   00007fff90e95e13 00007fff749211d0
0x00007fff50c49838:   00007fff50c49908 0000000000000000
0x00007fff50c49848:   00007fff738918c8 0000000000000000
0x00007fff50c49858:   000000000000000d 0002320300000001
0x00007fff50c49868:   00007fc2e2d321b4 0000000000000000
0x00007fff50c49878:   00000000003bd501 00007fc2e2f56760
0x00007fff50c49888:   00007fc2e2f56e70 0000000000000000
0x00007fff50c49898:   00007fff8cbed34c 00007fff50c49940
0x00007fff50c498a8:   00007fff8d637513 00007fff50c49924
0x00007fff50c498b8:   00000000003bd601 00000000ffffffff
0x00007fff50c498c8:   00007fff738918c8 00000000003bd600
0x00007fff50c498d8:   00007fff00000000 00007fff50c499d0
0x00007fff50c498e8:   00007fff8801bedc 00007fff738918e8
0x00007fff50c498f8:   00007fff8cbed34c 0000000000000051
0x00007fff50c49908:   0000000000000000 00000000000f42e1
0x00007fff50c49918:   0000000000000053 0000000000000000
0x00007fff50c49928:   00000000000f42e8 00007fff50c499a4
0x00007fff50c49938:   00000000003be401 00000000ffffffff 

Instructions: (pc=0x00007fff89fbd0dd)
0x00007fff89fbd0bd:   00 00 00 48 85 ff 2e 74 7a 40 f6 c7 01 2e 75 7e
0x00007fff89fbd0cd:   49 bb f8 ff ff ff ff 7f 00 00 4c 23 1f 49 89 f2
0x00007fff89fbd0dd:   45 23 53 18 49 c1 e2 04 4d 03 53 10 49 3b 32 75
0x00007fff89fbd0ed:   04 41 ff 62 08 49 83 3a 00 74 6a 4d 3b 53 10 74 

Register to memory mapping:

RAX=0x00007fc2e2d56b80 is an unknown value
RBX=0x00007fff50c49928 is pointing into the stack for thread: 0x00007fc2e382b000
RCX=0x0000000000000000 is an unknown value
RDX=0x00007fc2e2e1dd90 is an unknown value
RSP=0x00007fff50c49748 is pointing into the stack for thread: 0x00007fc2e382b000
RBP=0x00007fff50c49750 is pointing into the stack for thread: 0x00007fc2e382b000
RSI=0x00007fff8cbb52b4: -[NSTitlebarContainerView shouldRoundCorners]+0x5ced6 in /System/Library/Frameworks/AppKit.framework/Versions/C/AppKit at 0x00007fff8c1e4000
RDI=0x00007fc2e2d56b80 is an unknown value
R8 =0x00007fff50c49730 is pointing into the stack for thread: 0x00007fc2e382b000
R9 =0x0000000000000055 is an unknown value
R10=0x00007fff8cbb52b4: -[NSTitlebarContainerView shouldRoundCorners]+0x5ced6 in /System/Library/Frameworks/AppKit.framework/Versions/C/AppKit at 0x00007fff8c1e4000
R11=0x000007fc2e2d5708 is an unknown value
R12=0x00007fc2e2d32190 is an unknown value
R13=0x00000000000f42e8 is an unknown value
R14=0x00007fc2e2f56e70 is an unknown value
R15=0x00007fff50c49888 is pointing into the stack for thread: 0x00007fc2e382b000


Stack: [0x00007fff50bce000,0x00007fff50c4e000],  sp=0x00007fff50c49748,  free space=493k
Native frames: (J=compiled Java code, j=interpreted, Vv=VM code, C=native code)
C  [libobjc.A.dylib+0x10dd]  objc_msgSend+0x1d
C  [CoreFoundation+0x10244]  _CFXNotificationPost+0xc44
C  [Foundation+0x2c31]  -[NSNotificationCenter postNotificationName:object:userInfo:]+0x42
C  [AppKit+0xdd776]  -[NSSurface _disposeSurface]+0x98
C  [AppKit+0xdd1da]  -[NSSurface setWindow:]+0x42
C  [AppKit+0x3b9ef]  -[NSView _setWindow:]+0xa22
C  [AppKit+0x3cc22]  -[NSView removeFromSuperview]+0x1c5
C  [AppKit+0x9140a]  -[NSView removeFromSuperviewWithoutNeedingDisplay]+0x26
C  [liblwjgl.dylib+0xa205]  +[MacOSXKeyableWindow destroyWindow]+0xb5
C  [Foundation+0x65cdc]  __NSThreadPerformPerform+0x125
C  [CoreFoundation+0x80681]  __CFRUNLOOP_IS_CALLING_OUT_TO_A_SOURCE0_PERFORM_FUNCTION__+0x11
C  [CoreFoundation+0x7280d]  __CFRunLoopDoSources0+0x10d
C  [CoreFoundation+0x71e3f]  __CFRunLoopRun+0x39f
C  [CoreFoundation+0x71858]  CFRunLoopRunSpecific+0x128
C  [HIToolbox+0x2eaef]  RunCurrentEventLoopInMode+0xeb
C  [HIToolbox+0x2e86a]  ReceiveNextEventCommon+0x1af
C  [HIToolbox+0x2e6ab]  _BlockUntilNextEventMatchingListInModeWithFilter+0x47
C  [AppKit+0x23f81]  _DPSNextEvent+0x3c4
C  [AppKit+0x23730]  -[NSApplication nextEventMatchingMask:untilDate:inMode:dequeue:]+0xc2
C  [libosxapp.dylib+0x24e3]  -[NSApplicationAWT nextEventMatchingMask:untilDate:inMode:dequeue:]+0x7c
C  [AppKit+0x17593]  -[NSApplication run]+0x252
C  [libosxapp.dylib+0x2346]  +[NSApplicationAWT runAWTLoopWithApp:]+0x9c
C  [liblwawt.dylib+0xd889]  -[AWTStarter starter:]+0x369
C  [Foundation+0x65cdc]  __NSThreadPerformPerform+0x125
C  [CoreFoundation+0x80681]  __CFRUNLOOP_IS_CALLING_OUT_TO_A_SOURCE0_PERFORM_FUNCTION__+0x11
C  [CoreFoundation+0x7280d]  __CFRunLoopDoSources0+0x10d
C  [CoreFoundation+0x71e3f]  __CFRunLoopRun+0x39f
C  [CoreFoundation+0x71858]  CFRunLoopRunSpecific+0x128
C  [java+0x73b0]  CreateExecutionEnvironment+0x367
C  [java+0x1b5c]  JLI_Launch+0x7a0
C  [java+0x770d]  main+0x65
C  [java+0x13b4]  start+0x34


---------------  P R O C E S S  ---------------

Java Threads: ( => current thread )
  0x00007fc2e387c000 JavaThread "AWT-Shutdown" [_thread_blocked, id=28167, stack(0x0000000121b8f000,0x0000000121c8f000)]
=>0x00007fc2e382b000 JavaThread "AppKit Thread" daemon [_thread_in_native, id=1811, stack(0x00007fff50bce000,0x00007fff50c4e000)]
  0x00007fc2e3821000 JavaThread "Service Thread" daemon [_thread_blocked, id=17667, stack(0x0000000120310000,0x0000000120410000)]
  0x00007fc2e381c000 JavaThread "C2 CompilerThread1" daemon [_thread_blocked, id=17155, stack(0x000000012020d000,0x000000012030d000)]
  0x00007fc2e3807000 JavaThread "C2 CompilerThread0" daemon [_thread_blocked, id=16643, stack(0x000000012010a000,0x000000012020a000)]
  0x00007fc2e3806000 JavaThread "Signal Dispatcher" daemon [_thread_blocked, id=13331, stack(0x0000000120007000,0x0000000120107000)]
  0x00007fc2e400b000 JavaThread "Finalizer" daemon [_thread_blocked, id=11523, stack(0x000000011e6cd000,0x000000011e7cd000)]
  0x00007fc2e400a000 JavaThread "Reference Handler" daemon [_thread_blocked, id=11011, stack(0x000000011e5ca000,0x000000011e6ca000)]
  0x00007fc2e300d000 JavaThread "main" [_thread_in_native, id=4867, stack(0x000000010f0c8000,0x000000010f1c8000)]

Other Threads:
  0x00007fc2e4007800 VMThread [stack: 0x000000011e4c7000,0x000000011e5c7000] [id=10499]
  0x00007fc2e306a000 WatcherThread [stack: 0x0000000120413000,0x0000000120513000] [id=18179]

VM state:not at safepoint (normal execution)

VM Mutex/Monitor currently owned by a thread: None

Heap
 PSYoungGen      total 76800K, used 6808K [0x00000007aaa80000, 0x00000007b0000000, 0x0000000800000000)
  eden space 66048K, 10% used [0x00000007aaa80000,0x00000007ab1262b0,0x00000007aeb00000)
  from space 10752K, 0% used [0x00000007af580000,0x00000007af580000,0x00000007b0000000)
  to   space 10752K, 0% used [0x00000007aeb00000,0x00000007aeb00000,0x00000007af580000)
 ParOldGen       total 174592K, used 0K [0x0000000700000000, 0x000000070aa80000, 0x00000007aaa80000)
  object space 174592K, 0% used [0x0000000700000000,0x0000000700000000,0x000000070aa80000)
 PSPermGen       total 21504K, used 4812K [0x00000006fae00000, 0x00000006fc300000, 0x0000000700000000)
  object space 21504K, 22% used [0x00000006fae00000,0x00000006fb2b3090,0x00000006fc300000)

Card table byte_map: [0x000000011354f000,0x0000000113d79000] byte_map_base: 0x000000010fd78000

Polling page: 0x000000010f1d7000

Code Cache  [0x000000011048f000, 0x00000001106ff000, 0x000000011348f000)
 total_blobs=298 nmethods=30 adapters=223 free_code_cache=48693Kb largest_free_block=49842944

Compilation events (10 events):
Event: 1.034 Thread 0x00007fc2e3807000 nmethod 22 0x00000001104ff250 code [0x00000001104ff380, 0x00000001104ff3f8]
Event: 1.034 Thread 0x00007fc2e3807000   25             org.lwjgl.Sys::getTimerResolution (9 bytes)
Event: 1.034 Thread 0x00007fc2e381c000 nmethod 24 0x0000000110500c90 code [0x0000000110500dc0, 0x0000000110500e38]
Event: 1.034 Thread 0x00007fc2e381c000   26             org.lwjgl.DefaultSysImplementation::getTimerResolution (4 bytes)
Event: 1.034 Thread 0x00007fc2e3807000 nmethod 25 0x00000001104fe590 code [0x00000001104fe6c0, 0x00000001104fe6f8]
Event: 1.035 Thread 0x00007fc2e381c000 nmethod 26 0x00000001104fe390 code [0x00000001104fe4c0, 0x00000001104fe518]
Event: 1.050 Thread 0x00007fc2e3807000   27             org.lwjgl.opengl.Sync$RunningAvg::add (38 bytes)
Event: 1.051 Thread 0x00007fc2e3807000 nmethod 27 0x00000001104fe050 code [0x00000001104fe1a0, 0x00000001104fe298]
Event: 1.053 Thread 0x00007fc2e381c000   28   !         org.lwjgl.opengl.Sync::sync (125 bytes)
Event: 1.064 Thread 0x00007fc2e381c000 nmethod 28 0x0000000110505310 code [0x0000000110505500, 0x0000000110505e50]

GC Heap History (0 events):
No events

Deoptimization events (0 events):
No events

Internal exceptions (10 events):
Event: 0.463 Thread 0x00007fc2e300d000 Threw 0x00000007aafecc60 at /HUDSON/workspace/7u-2-build-macosx-x86_64/jdk7u67/1368/hotspot/src/share/vm/prims/jvm.cpp:1244
Event: 0.463 Thread 0x00007fc2e300d000 Threw 0x00000007aaff09a0 at /HUDSON/workspace/7u-2-build-macosx-x86_64/jdk7u67/1368/hotspot/src/share/vm/prims/jvm.cpp:1244
Event: 0.465 Thread 0x00007fc2e300d000 Threw 0x00000007aaff4900 at /HUDSON/workspace/7u-2-build-macosx-x86_64/jdk7u67/1368/hotspot/src/share/vm/prims/jvm.cpp:1244
Event: 0.471 Thread 0x00007fc2e300d000 Threw 0x00000007ab02dc98 at /HUDSON/workspace/7u-2-build-macosx-x86_64/jdk7u67/1368/hotspot/src/share/vm/prims/jvm.cpp:1244
Event: 0.532 Thread 0x00007fc2e300d000 Threw 0x00000007ab099538 at /HUDSON/workspace/7u-2-build-macosx-x86_64/jdk7u67/1368/hotspot/src/share/vm/prims/jvm.cpp:1244
Event: 0.533 Thread 0x00007fc2e300d000 Threw 0x00000007ab09d818 at /HUDSON/workspace/7u-2-build-macosx-x86_64/jdk7u67/1368/hotspot/src/share/vm/prims/jvm.cpp:1244
Event: 0.542 Thread 0x00007fc2e300d000 Threw 0x00000007ab0a30d0 at /HUDSON/workspace/7u-2-build-macosx-x86_64/jdk7u67/1368/hotspot/src/share/vm/prims/jvm.cpp:1244
Event: 0.549 Thread 0x00007fc2e300d000 Threw 0x00000007ab0a9988 at /HUDSON/workspace/7u-2-build-macosx-x86_64/jdk7u67/1368/hotspot/src/share/vm/prims/jvm.cpp:1244
Event: 0.551 Thread 0x00007fc2e300d000 Threw 0x00000007ab0ae120 at /HUDSON/workspace/7u-2-build-macosx-x86_64/jdk7u67/1368/hotspot/src/share/vm/prims/jvm.cpp:1244
Event: 3.787 Thread 0x00007fc2e300d000 Threw 0x00000007ab0b29f8 at /HUDSON/workspace/7u-2-build-macosx-x86_64/jdk7u67/1368/hotspot/src/share/vm/prims/jvm.cpp:1244

Events (10 events):
Event: 0.541 loading class 0x000000011d237420
Event: 0.541 loading class 0x000000011d237420 done
Event: 0.542 loading class 0x00007fc2e2c21300
Event: 0.542 loading class 0x00007fc2e2c21300 done
Event: 0.549 loading class 0x00007fc2e2c212a0
Event: 0.549 loading class 0x00007fc2e2c212a0 done
Event: 0.550 loading class 0x00007fc2e2d5c310
Event: 0.550 loading class 0x00007fc2e2d5c310 done
Event: 3.787 loading class 0x00007fc2e2d55840
Event: 3.787 loading class 0x00007fc2e2d55840 done


Dynamic libraries:
0x00000000025e2000 	/System/Library/Frameworks/Cocoa.framework/Versions/A/Cocoa
0x00000000025e2000 	/System/Library/Frameworks/Security.framework/Versions/A/Security
0x00000000025e2000 	/System/Library/Frameworks/ApplicationServices.framework/Versions/A/ApplicationServices
0x00000000025e2000 	/usr/lib/libz.1.dylib
0x00000000025e2000 	/usr/lib/libSystem.B.dylib
0x00000000025e2000 	/usr/lib/libobjc.A.dylib
0x00000000025e2000 	/System/Library/Frameworks/CoreFoundation.framework/Versions/A/CoreFoundation
0x00000000025e2000 	/System/Library/Frameworks/Foundation.framework/Versions/C/Foundation
0x00000000025e2000 	/System/Library/Frameworks/AppKit.framework/Versions/C/AppKit
0x00000000025e2000 	/System/Library/Frameworks/CoreData.framework/Versions/A/CoreData
0x00000000025e2000 	/System/Library/PrivateFrameworks/RemoteViewServices.framework/Versions/A/RemoteViewServices
0x00000000025e2000 	/System/Library/PrivateFrameworks/UIFoundation.framework/Versions/A/UIFoundation
0x00000000025e2000 	/System/Library/Frameworks/IOSurface.framework/Versions/A/IOSurface
0x00000000025e2000 	/System/Library/Frameworks/AudioToolbox.framework/Versions/A/AudioToolbox
0x00000000025e2000 	/System/Library/Frameworks/AudioUnit.framework/Versions/A/AudioUnit
0x00000000025e2000 	/System/Library/PrivateFrameworks/DataDetectorsCore.framework/Versions/A/DataDetectorsCore
0x00000000025e2000 	/System/Library/PrivateFrameworks/DesktopServicesPriv.framework/Versions/A/DesktopServicesPriv
0x00000000025e2000 	/System/Library/Frameworks/Carbon.framework/Versions/A/Frameworks/HIToolbox.framework/Versions/A/HIToolbox
0x00000000025e2000 	/System/Library/Frameworks/QuartzCore.framework/Versions/A/QuartzCore
0x00000000025e2000 	/System/Library/Frameworks/Carbon.framework/Versions/A/Frameworks/SpeechRecognition.framework/Versions/A/SpeechRecognition
0x00000000025e2000 	/usr/lib/libauto.dylib
0x00000000025e2000 	/usr/lib/libicucore.A.dylib
0x00000000025e2000 	/usr/lib/libxml2.2.dylib
0x00000000025e2000 	/System/Library/PrivateFrameworks/CoreUI.framework/Versions/A/CoreUI
0x00000000025e2000 	/System/Library/Frameworks/CoreAudio.framework/Versions/A/CoreAudio
0x00000000025e2000 	/System/Library/Frameworks/DiskArbitration.framework/Versions/A/DiskArbitration
0x00000000025e2000 	/usr/lib/liblangid.dylib
0x00000000025e2000 	/System/Library/PrivateFrameworks/MultitouchSupport.framework/Versions/A/MultitouchSupport
0x00000000025e2000 	/System/Library/Frameworks/IOKit.framework/Versions/A/IOKit
0x00000000025e2000 	/usr/lib/libDiagnosticMessagesClient.dylib
0x00000000025e2000 	/System/Library/Frameworks/CoreServices.framework/Versions/A/CoreServices
0x00000000025e2000 	/System/Library/PrivateFrameworks/PerformanceAnalysis.framework/Versions/A/PerformanceAnalysis
0x00000000025e2000 	/System/Library/PrivateFrameworks/GenerationalStorage.framework/Versions/A/GenerationalStorage
0x00000000025e2000 	/System/Library/Frameworks/OpenGL.framework/Versions/A/OpenGL
0x00000000025e2000 	/System/Library/PrivateFrameworks/Sharing.framework/Versions/A/Sharing
0x00000000025e2000 	/System/Library/Frameworks/CoreGraphics.framework/Versions/A/CoreGraphics
0x00000000025e2000 	/System/Library/Frameworks/CoreText.framework/Versions/A/CoreText
0x00000000025e2000 	/System/Library/Frameworks/ImageIO.framework/Versions/A/ImageIO
0x00000000025e2000 	/usr/lib/libextension.dylib
0x00000000025e2000 	/System/Library/PrivateFrameworks/Backup.framework/Versions/A/Backup
0x00000000025e2000 	/usr/lib/libarchive.2.dylib
0x00000000025e2000 	/System/Library/Frameworks/CFNetwork.framework/Versions/A/CFNetwork
0x00000000025e2000 	/System/Library/Frameworks/SystemConfiguration.framework/Versions/A/SystemConfiguration
0x00000000025e2000 	/usr/lib/libCRFSuite.dylib
0x00000000025e2000 	/usr/lib/libc++.1.dylib
0x00000000025e2000 	/usr/lib/libc++abi.dylib
0x00000000025e2000 	/usr/lib/system/libcache.dylib
0x00000000025e2000 	/usr/lib/system/libcommonCrypto.dylib
0x00000000025e2000 	/usr/lib/system/libcompiler_rt.dylib
0x00000000025e2000 	/usr/lib/system/libcopyfile.dylib
0x00000000025e2000 	/usr/lib/system/libcorecrypto.dylib
0x00000000025e2000 	/usr/lib/system/libdispatch.dylib
0x00000000025e2000 	/usr/lib/system/libdyld.dylib
0x00000000025e2000 	/usr/lib/system/libkeymgr.dylib
0x00000000025e2000 	/usr/lib/system/liblaunch.dylib
0x00000000025e2000 	/usr/lib/system/libmacho.dylib
0x00000000025e2000 	/usr/lib/system/libquarantine.dylib
0x00000000025e2000 	/usr/lib/system/libremovefile.dylib
0x00000000025e2000 	/usr/lib/system/libsystem_asl.dylib
0x00000000025e2000 	/usr/lib/system/libsystem_blocks.dylib
0x00000000025e2000 	/usr/lib/system/libsystem_c.dylib
0x00000000025e2000 	/usr/lib/system/libsystem_configuration.dylib
0x00000000025e2000 	/usr/lib/system/libsystem_coreservices.dylib
0x00000000025e2000 	/usr/lib/system/libsystem_coretls.dylib
0x00000000025e2000 	/usr/lib/system/libsystem_dnssd.dylib
0x00000000025e2000 	/usr/lib/system/libsystem_info.dylib
0x00000000025e2000 	/usr/lib/system/libsystem_kernel.dylib
0x00000000025e2000 	/usr/lib/system/libsystem_m.dylib
0x00000000025e2000 	/usr/lib/system/libsystem_malloc.dylib
0x00000000025e2000 	/usr/lib/system/libsystem_network.dylib
0x00000000025e2000 	/usr/lib/system/libsystem_networkextension.dylib
0x00000000025e2000 	/usr/lib/system/libsystem_notify.dylib
0x00000000025e2000 	/usr/lib/system/libsystem_platform.dylib
0x00000000025e2000 	/usr/lib/system/libsystem_pthread.dylib
0x00000000025e2000 	/usr/lib/system/libsystem_sandbox.dylib
0x00000000025e2000 	/usr/lib/system/libsystem_secinit.dylib
0x00000000025e2000 	/usr/lib/system/libsystem_stats.dylib
0x00000000025e2000 	/usr/lib/system/libsystem_trace.dylib
0x00000000025e2000 	/usr/lib/system/libunc.dylib
0x00000000025e2000 	/usr/lib/system/libunwind.dylib
0x00000000025e2000 	/usr/lib/system/libxpc.dylib
0x00000000025e2000 	/usr/lib/libbz2.1.0.dylib
0x00000000025e2000 	/usr/lib/liblzma.5.dylib
0x00000000025e2000 	/usr/lib/libbsm.0.dylib
0x00000000025e2000 	/usr/lib/libsqlite3.dylib
0x00000000025e2000 	/usr/lib/system/libkxld.dylib
0x00000000025e2000 	/usr/lib/libxar.1.dylib
0x00000000025e2000 	/usr/lib/libpam.2.dylib
0x00000000025e2000 	/usr/lib/libOpenScriptingUtil.dylib
0x00000000025e2000 	/System/Library/Frameworks/CoreServices.framework/Versions/A/Frameworks/FSEvents.framework/Versions/A/FSEvents
0x00000000025e2000 	/System/Library/Frameworks/CoreServices.framework/Versions/A/Frameworks/CarbonCore.framework/Versions/A/CarbonCore
0x00000000025e2000 	/System/Library/Frameworks/CoreServices.framework/Versions/A/Frameworks/Metadata.framework/Versions/A/Metadata
0x00000000025e2000 	/System/Library/Frameworks/CoreServices.framework/Versions/A/Frameworks/OSServices.framework/Versions/A/OSServices
0x00000000025e2000 	/System/Library/Frameworks/CoreServices.framework/Versions/A/Frameworks/SearchKit.framework/Versions/A/SearchKit
0x00000000025e2000 	/System/Library/Frameworks/CoreServices.framework/Versions/A/Frameworks/AE.framework/Versions/A/AE
0x00000000025e2000 	/System/Library/Frameworks/CoreServices.framework/Versions/A/Frameworks/LaunchServices.framework/Versions/A/LaunchServices
0x00000000025e2000 	/System/Library/Frameworks/CoreServices.framework/Versions/A/Frameworks/DictionaryServices.framework/Versions/A/DictionaryServices
0x00000000025e2000 	/System/Library/Frameworks/NetFS.framework/Versions/A/NetFS
0x00000000025e2000 	/System/Library/PrivateFrameworks/NetAuth.framework/Versions/A/NetAuth
0x00000000025e2000 	/System/Library/PrivateFrameworks/login.framework/Versions/A/Frameworks/loginsupport.framework/Versions/A/loginsupport
0x00000000025e2000 	/System/Library/PrivateFrameworks/TCC.framework/Versions/A/TCC
0x00000000025e2000 	/usr/lib/libmecabra.dylib
0x00000000025e2000 	/System/Library/Frameworks/ApplicationServices.framework/Versions/A/Frameworks/ATS.framework/Versions/A/ATS
0x00000000025e2000 	/System/Library/Frameworks/ApplicationServices.framework/Versions/A/Frameworks/ColorSync.framework/Versions/A/ColorSync
0x00000000025e2000 	/System/Library/Frameworks/ApplicationServices.framework/Versions/A/Frameworks/HIServices.framework/Versions/A/HIServices
0x00000000025e2000 	/System/Library/Frameworks/ApplicationServices.framework/Versions/A/Frameworks/LangAnalysis.framework/Versions/A/LangAnalysis
0x00000000025e2000 	/System/Library/Frameworks/ApplicationServices.framework/Versions/A/Frameworks/PrintCore.framework/Versions/A/PrintCore
0x00000000025e2000 	/System/Library/Frameworks/ApplicationServices.framework/Versions/A/Frameworks/QD.framework/Versions/A/QD
0x00000000025e2000 	/System/Library/Frameworks/ApplicationServices.framework/Versions/A/Frameworks/SpeechSynthesis.framework/Versions/A/SpeechSynthesis
0x00000000025e2000 	/System/Library/Frameworks/Accelerate.framework/Versions/A/Accelerate
0x00000000025e2000 	/System/Library/Frameworks/Accelerate.framework/Versions/A/Frameworks/vImage.framework/Versions/A/vImage
0x00000000025e2000 	/System/Library/Frameworks/Accelerate.framework/Versions/A/Frameworks/vecLib.framework/Versions/A/vecLib
0x00000000025e2000 	/System/Library/Frameworks/Accelerate.framework/Versions/A/Frameworks/vecLib.framework/Versions/A/libvDSP.dylib
0x00000000025e2000 	/System/Library/Frameworks/Accelerate.framework/Versions/A/Frameworks/vecLib.framework/Versions/A/libvMisc.dylib
0x00000000025e2000 	/System/Library/Frameworks/Accelerate.framework/Versions/A/Frameworks/vecLib.framework/Versions/A/libLAPACK.dylib
0x00000000025e2000 	/System/Library/Frameworks/Accelerate.framework/Versions/A/Frameworks/vecLib.framework/Versions/A/libBLAS.dylib
0x00000000025e2000 	/System/Library/Frameworks/Accelerate.framework/Versions/A/Frameworks/vecLib.framework/Versions/A/libLinearAlgebra.dylib
0x00000000025e2000 	/System/Library/Frameworks/ApplicationServices.framework/Versions/A/Frameworks/ATS.framework/Versions/A/Resources/libFontParser.dylib
0x00000000025e2000 	/System/Library/Frameworks/ApplicationServices.framework/Versions/A/Frameworks/ATS.framework/Versions/A/Resources/libFontRegistry.dylib
0x00000000025e2000 	/System/Library/PrivateFrameworks/AppleVPA.framework/Versions/A/AppleVPA
0x00000000025e2000 	/System/Library/PrivateFrameworks/AppleJPEG.framework/Versions/A/AppleJPEG
0x00000000025e2000 	/System/Library/Frameworks/ImageIO.framework/Versions/A/Resources/libJPEG.dylib
0x00000000025e2000 	/System/Library/Frameworks/ImageIO.framework/Versions/A/Resources/libTIFF.dylib
0x00000000025e2000 	/System/Library/Frameworks/ImageIO.framework/Versions/A/Resources/libPng.dylib
0x00000000025e2000 	/System/Library/Frameworks/ImageIO.framework/Versions/A/Resources/libGIF.dylib
0x00000000025e2000 	/System/Library/Frameworks/ImageIO.framework/Versions/A/Resources/libJP2.dylib
0x00000000025e2000 	/System/Library/Frameworks/ImageIO.framework/Versions/A/Resources/libRadiance.dylib
0x00000000025e2000 	/System/Library/Frameworks/CoreVideo.framework/Versions/A/CoreVideo
0x00000000025e2000 	/System/Library/Frameworks/OpenGL.framework/Versions/A/Libraries/libGLU.dylib
0x00000000025e2000 	/System/Library/Frameworks/OpenGL.framework/Versions/A/Libraries/libGFXShared.dylib
0x00000000025e2000 	/System/Library/Frameworks/OpenGL.framework/Versions/A/Libraries/libGL.dylib
0x00000000025e2000 	/System/Library/Frameworks/OpenGL.framework/Versions/A/Libraries/libGLImage.dylib
0x00000000025e2000 	/System/Library/Frameworks/OpenGL.framework/Versions/A/Libraries/libCVMSPluginSupport.dylib
0x00000000025e2000 	/System/Library/Frameworks/OpenGL.framework/Versions/A/Libraries/libCoreVMClient.dylib
0x00000000025e2000 	/usr/lib/libcups.2.dylib
0x00000000025e2000 	/System/Library/Frameworks/Kerberos.framework/Versions/A/Kerberos
0x00000000025e2000 	/System/Library/Frameworks/GSS.framework/Versions/A/GSS
0x00000000025e2000 	/usr/lib/libresolv.9.dylib
0x00000000025e2000 	/usr/lib/libiconv.2.dylib
0x00000000025e2000 	/System/Library/PrivateFrameworks/Heimdal.framework/Versions/A/Heimdal
0x00000000025e2000 	/usr/lib/libheimdal-asn1.dylib
0x00000000025e2000 	/System/Library/Frameworks/OpenDirectory.framework/Versions/A/OpenDirectory
0x00000000025e2000 	/System/Library/PrivateFrameworks/CommonAuth.framework/Versions/A/CommonAuth
0x00000000025e2000 	/System/Library/Frameworks/OpenDirectory.framework/Versions/A/Frameworks/CFOpenDirectory.framework/Versions/A/CFOpenDirectory
0x00000000025e2000 	/System/Library/Frameworks/SecurityFoundation.framework/Versions/A/SecurityFoundation
0x00000000025e2000 	/System/Library/PrivateFrameworks/LanguageModeling.framework/Versions/A/LanguageModeling
0x00000000025e2000 	/usr/lib/libcmph.dylib
0x00000000025e2000 	/System/Library/Frameworks/ServiceManagement.framework/Versions/A/ServiceManagement
0x00000000025e2000 	/usr/lib/libxslt.1.dylib
0x00000000025e2000 	/System/Library/Frameworks/Carbon.framework/Versions/A/Frameworks/Ink.framework/Versions/A/Ink
0x00000000025e2000 	/System/Library/Frameworks/QuartzCore.framework/Versions/A/Frameworks/CoreImage.framework/Versions/A/CoreImage
0x00000000025e2000 	/System/Library/PrivateFrameworks/CrashReporterSupport.framework/Versions/A/CrashReporterSupport
0x00000000025e2000 	/System/Library/Frameworks/OpenCL.framework/Versions/A/OpenCL
0x00000000025e2000 	/System/Library/PrivateFrameworks/FaceCore.framework/Versions/A/FaceCore
0x00000000025e2000 	/System/Library/PrivateFrameworks/Ubiquity.framework/Versions/A/Ubiquity
0x00000000025e2000 	/System/Library/PrivateFrameworks/IconServices.framework/Versions/A/IconServices
0x00000000025e2000 	/System/Library/PrivateFrameworks/ChunkingLibrary.framework/Versions/A/ChunkingLibrary
0x00000000025e2000 	/System/Library/PrivateFrameworks/Apple80211.framework/Versions/A/Apple80211
0x00000000025e2000 	/System/Library/Frameworks/CoreWLAN.framework/Versions/A/CoreWLAN
0x00000000025e2000 	/System/Library/Frameworks/IOBluetooth.framework/Versions/A/IOBluetooth
0x00000000025e2000 	/System/Library/PrivateFrameworks/CoreWiFi.framework/Versions/A/CoreWiFi
0x00000000025e2000 	/System/Library/Frameworks/CoreBluetooth.framework/Versions/A/CoreBluetooth
0x00000000025e2000 	/System/Library/PrivateFrameworks/DebugSymbols.framework/Versions/A/DebugSymbols
0x00000000025e2000 	/System/Library/PrivateFrameworks/CoreSymbolication.framework/Versions/A/CoreSymbolication
0x00000000025e2000 	/System/Library/PrivateFrameworks/Symbolication.framework/Versions/A/Symbolication
0x00000000025e2000 	/System/Library/PrivateFrameworks/SpeechRecognitionCore.framework/Versions/A/SpeechRecognitionCore
0x000000010fa00000 	/Library/Java/JavaVirtualMachines/jdk1.7.0_67.jdk/Contents/Home/jre/lib/server/libjvm.dylib
0x00000000025e2000 	/usr/lib/libstdc++.6.dylib
0x000000010f1ca000 	/Library/Java/JavaVirtualMachines/jdk1.7.0_67.jdk/Contents/Home/jre/lib/libverify.dylib
0x000000011045f000 	/Library/Java/JavaVirtualMachines/jdk1.7.0_67.jdk/Contents/Home/jre/lib/libjava.dylib
0x000000010f1e1000 	/Library/Java/JavaVirtualMachines/jdk1.7.0_67.jdk/Contents/Home/jre/lib/libzip.dylib
0x000000011e7cf000 	/System/Library/Frameworks/JavaVM.framework/Frameworks/JavaRuntimeSupport.framework/JavaRuntimeSupport
0x000000010f1eb000 	/System/Library/Frameworks/JavaVM.framework/Versions/A/Frameworks/JavaNativeFoundation.framework/Versions/A/JavaNativeFoundation
0x000000011e7e7000 	/System/Library/Frameworks/JavaVM.framework/Versions/A/JavaVM
0x00000000025e2000 	/System/Library/Frameworks/Carbon.framework/Versions/A/Carbon
0x000000011e7f4000 	/System/Library/PrivateFrameworks/JavaLaunching.framework/Versions/A/JavaLaunching
0x00000000025e2000 	/System/Library/Frameworks/Carbon.framework/Versions/A/Frameworks/CommonPanels.framework/Versions/A/CommonPanels
0x00000000025e2000 	/System/Library/Frameworks/Carbon.framework/Versions/A/Frameworks/Help.framework/Versions/A/Help
0x00000000025e2000 	/System/Library/Frameworks/Carbon.framework/Versions/A/Frameworks/ImageCapture.framework/Versions/A/ImageCapture
0x00000000025e2000 	/System/Library/Frameworks/Carbon.framework/Versions/A/Frameworks/OpenScripting.framework/Versions/A/OpenScripting
0x00000000025e2000 	/System/Library/Frameworks/Carbon.framework/Versions/A/Frameworks/Print.framework/Versions/A/Print
0x00000000025e2000 	/System/Library/Frameworks/Carbon.framework/Versions/A/Frameworks/SecurityHI.framework/Versions/A/SecurityHI
0x000000012055f000 	/Library/Java/JavaVirtualMachines/jdk1.7.0_67.jdk/Contents/Home/jre/lib/libawt.dylib
0x000000012060e000 	/Library/Java/JavaVirtualMachines/jdk1.7.0_67.jdk/Contents/Home/jre/lib/./libmlib_image.dylib
0x00000001206da000 	/Library/Java/JavaVirtualMachines/jdk1.7.0_67.jdk/Contents/Home/jre/lib/lwawt/liblwawt.dylib
0x000000012078e000 	/Library/Java/JavaVirtualMachines/jdk1.7.0_67.jdk/Contents/Home/jre/lib/libosxapp.dylib
0x00000000025e2000 	/System/Library/Frameworks/ExceptionHandling.framework/Versions/A/ExceptionHandling
0x00000000025e2000 	/System/Library/PrivateFrameworks/CoreServicesInternal.framework/Versions/A/CoreServicesInternal
0x00000000025e2000 	/System/Library/PrivateFrameworks/CloudDocs.framework/Versions/A/CloudDocs
0x00000000025e2000 	/System/Library/PrivateFrameworks/CoreDuet.framework/Versions/A/CoreDuet
0x00000000025e2000 	/System/Library/Frameworks/CloudKit.framework/Versions/A/CloudKit
0x00000000025e2000 	/System/Library/PrivateFrameworks/ProtocolBuffer.framework/Versions/A/ProtocolBuffer
0x00000000025e2000 	/System/Library/PrivateFrameworks/CoreDuetDaemonProtocol.framework/Versions/A/CoreDuetDaemonProtocol
0x00000000025e2000 	/System/Library/PrivateFrameworks/CoreDuetDebugLogging.framework/Versions/A/CoreDuetDebugLogging
0x00000000025e2000 	/System/Library/Frameworks/CoreLocation.framework/Versions/A/CoreLocation
0x00000000025e2000 	/System/Library/Frameworks/Accounts.framework/Versions/A/Accounts
0x00000000025e2000 	/System/Library/PrivateFrameworks/ApplePushService.framework/Versions/A/ApplePushService
0x00000000025e2000 	/System/Library/PrivateFrameworks/GeoServices.framework/Versions/A/GeoServices
0x00000000025e2000 	/System/Library/PrivateFrameworks/OAuth.framework/Versions/A/OAuth
0x00000000025e2000 	/System/Library/PrivateFrameworks/CoreDaemon.framework/Versions/B/CoreDaemon
0x00000000025e2000 	/usr/lib/libcrypto.0.9.8.dylib
0x00000000025e2000 	/System/Library/PrivateFrameworks/AppleSRP.framework/Versions/A/AppleSRP
0x00000000025e2000 	/System/Library/PrivateFrameworks/TrustEvaluationAgent.framework/Versions/A/TrustEvaluationAgent
0x00000000025e2000 	/System/Library/Frameworks/CoreGraphics.framework/Versions/A/Resources/libCGCMS.A.dylib
0x00000000025e2000 	/System/Library/Frameworks/CoreGraphics.framework/Versions/A/Resources/libRIP.A.dylib
0x00000000025e2000 	/System/Library/Frameworks/CoreGraphics.framework/Versions/A/Resources/libCGXType.A.dylib
0x00000000025e2000 	/System/Library/Frameworks/OpenCL.framework/Versions/A/Libraries/libcldcpuengine.dylib
0x00000000025e2000 	/System/Library/PrivateFrameworks/DiskImages.framework/Versions/A/DiskImages
0x00000000025e2000 	/System/Library/Frameworks/DiscRecording.framework/Versions/A/DiscRecording
0x00000000025e2000 	/usr/lib/libcsfde.dylib
0x00000000025e2000 	/usr/lib/libcurl.4.dylib
0x00000000025e2000 	/System/Library/PrivateFrameworks/MediaKit.framework/Versions/A/MediaKit
0x00000000025e2000 	/System/Library/PrivateFrameworks/ProtectedCloudStorage.framework/Versions/A/ProtectedCloudStorage
0x00000000025e2000 	/usr/lib/libCoreStorage.dylib
0x00000000025e2000 	/System/Library/PrivateFrameworks/EFILogin.framework/Versions/A/EFILogin
0x00000000025e2000 	/usr/lib/libutil.dylib
0x00000000025e2000 	/System/Library/PrivateFrameworks/FindMyDevice.framework/Versions/A/FindMyDevice
0x00000000025e2000 	/System/Library/Frameworks/LDAP.framework/Versions/A/LDAP
0x00000000025e2000 	/usr/lib/libsasl2.2.dylib
0x000000012371e000 	cl_kernels
0x0000000123720000 	/System/Library/Frameworks/OpenCL.framework/Versions/A/Libraries/ImageFormats/unorm8_bgra.dylib
0x0000000123710000 	cl_kernels
0x00000000025e2000 	/System/Library/PrivateFrameworks/FamilyControls.framework/Versions/A/FamilyControls
0x00000000025e2000 	/System/Library/PrivateFrameworks/CommerceKit.framework/Versions/A/Frameworks/CommerceCore.framework/Versions/A/CommerceCore
0x00000000025e2000 	/System/Library/PrivateFrameworks/SystemAdministration.framework/Versions/A/SystemAdministration
0x00000000025e2000 	/System/Library/PrivateFrameworks/AppContainer.framework/Versions/A/AppContainer
0x00000000025e2000 	/System/Library/PrivateFrameworks/SecCodeWrapper.framework/Versions/A/SecCodeWrapper
0x00000000025e2000 	/System/Library/Frameworks/DirectoryService.framework/Versions/A/DirectoryService
0x00000000025e2000 	/System/Library/PrivateFrameworks/LoginUIKit.framework/Versions/A/Frameworks/LoginUICore.framework/Versions/A/LoginUICore
0x00000000025e2000 	/usr/lib/libodfde.dylib
0x00000001249db000 	/Library/Java/JavaVirtualMachines/jdk1.7.0_67.jdk/Contents/Home/jre/lib/libfontmanager.dylib
0x0000000124a42000 	/Users/cisom/Desktop/LWJGL 2,9,3/native/macosx/liblwjgl.dylib
0x0000000122b68000 	/Library/Java/JavaVirtualMachines/jdk1.7.0_67.jdk/Contents/Home/jre/lib/libjawt.dylib
0x00000000025e2000 	/System/Library/Frameworks/OpenGL.framework/Versions/A/Resources/GLEngine.bundle/GLEngine
0x00000000025e2000 	/System/Library/Frameworks/OpenGL.framework/Versions/A/Libraries/libGLProgrammability.dylib
0x0000000000000000 	/System/Library/Extensions/AppleIntelHD5000GraphicsGLDriver.bundle/Contents/MacOS/AppleIntelHD5000GraphicsGLDriver
0x00000000025e2000 	/System/Library/PrivateFrameworks/IOAccelerator.framework/Versions/A/IOAccelerator
0x00000000025e2000 	/System/Library/PrivateFrameworks/GPUSupport.framework/Versions/A/Libraries/libGPUSupportMercury.dylib
0x00000000025e2000 	/System/Library/Frameworks/OpenGL.framework/Versions/A/Resources/GLRendererFloat.bundle/GLRendererFloat

VM Arguments:
jvm_args: -Djava.library.path=/Users/cisom/Desktop/LWJGL 2,9,3/native/macosx:/Users/cisom/Desktop/LWJGL 2,9,3/native/macosx -Dfile.encoding=UTF-8 
java_command: simpleGame.main.GameLoop
Launcher Type: SUN_STANDARD

Environment Variables:
PATH=/usr/bin:/bin:/usr/sbin:/sbin
SHELL=/bin/bash

Signal Handlers:
SIGSEGV: [libjvm.dylib+0x52b6c9], sa_mask[0]=0xfffefeff, sa_flags=0x00000043
SIGBUS: [libjvm.dylib+0x52b6c9], sa_mask[0]=0xfffefeff, sa_flags=0x00000042
SIGFPE: [libjvm.dylib+0x41deaa], sa_mask[0]=0xfffefeff, sa_flags=0x00000042
SIGPIPE: [libjvm.dylib+0x41deaa], sa_mask[0]=0xfffefeff, sa_flags=0x00000042
SIGXFSZ: [libjvm.dylib+0x41deaa], sa_mask[0]=0xfffefeff, sa_flags=0x00000042
SIGILL: [libjvm.dylib+0x41deaa], sa_mask[0]=0xfffefeff, sa_flags=0x00000042
SIGUSR1: SIG_DFL, sa_mask[0]=0x00000000, sa_flags=0x00000000
SIGUSR2: [libjvm.dylib+0x41d99c], sa_mask[0]=0x00000004, sa_flags=0x00000042
SIGHUP: [libjvm.dylib+0x41bc2d], sa_mask[0]=0xfffefeff, sa_flags=0x00000042
SIGINT: [libjvm.dylib+0x41bc2d], sa_mask[0]=0xfffefeff, sa_flags=0x00000042
SIGTERM: [libjvm.dylib+0x41bc2d], sa_mask[0]=0xfffefeff, sa_flags=0x00000042
SIGQUIT: [libjvm.dylib+0x41bc2d], sa_mask[0]=0xfffefeff, sa_flags=0x00000042


---------------  S Y S T E M  ---------------

OS:Bsduname:Darwin 14.1.0 Darwin Kernel Version 14.1.0: Mon Dec 22 23:10:38 PST 2014; root:xnu-2782.10.72~2/RELEASE_X86_64 x86_64
rlimit: STACK 8192k, CORE 0k, NPROC 709, NOFILE 10240, AS infinity
load average:2.41 2.63 2.65

CPU:total 4 (2 cores per cpu, 2 threads per core) family 6 model 69 stepping 1, cmov, cx8, fxsr, mmx, sse, sse2, sse3, ssse3, sse4.1, sse4.2, popcnt, avx, avx2, aes, erms, ht, tsc, tscinvbit

Memory: 4k page, physical 16777216k(4194304k free)

/proc/meminfo:


vm_info: Java HotSpot(TM) 64-Bit Server VM (24.65-b04) for bsd-amd64 JRE (1.7.0_67-b01), built on Jul 25 2014 08:51:51 by "java_re" with gcc 4.2.1 (Based on Apple Inc. build 5658) (LLVM build 2336.11.00)

time: Fri Mar 13 21:46:59 2015
elapsed time: 3 seconds

