#
# A fatal error has been detected by the Java Runtime Environment:
#
#  SIGSEGV (0xb) at pc=0x00007fff842ae8f2, pid=7824, tid=1811
#
# JRE version: Java(TM) SE Runtime Environment (7.0_67-b01) (build 1.7.0_67-b01)
# Java VM: Java HotSpot(TM) 64-Bit Server VM (24.65-b04 mixed mode bsd-amd64 compressed oops)
# Problematic frame:
# C  [libGPUSupportMercury.dylib+0xb8f2]  gldAttachDrawable+0x60
#
# Failed to write core dump. Core dumps have been disabled. To enable core dumping, try "ulimit -c unlimited" before starting Java again
#
# If you would like to submit a bug report, please visit:
#   http://bugreport.sun.com/bugreport/crash.jsp
# The crash happened outside the Java Virtual Machine in native code.
# See problematic frame for where to report the bug.
#

---------------  T H R E A D  ---------------

Current thread (0x00007fa38d053800):  JavaThread "AppKit Thread" daemon [_thread_in_native, id=1811, stack(0x00007fff5417c000,0x00007fff541fc000)]

siginfo:si_signo=SIGSEGV: si_errno=0, si_code=0 (SEGV0), si_addr=0x0000000000000000

Registers:
RAX=0xf000000000000000, RBX=0x000000000000271e, RCX=0x0000000000000000, RDX=0x00007fa38b771fb8
RSP=0x00007fff541f5900, RBP=0x00007fff541f5a00, RSI=0x0000000000000050, RDI=0x00007fff74339070
R8 =0x00007fa38e809e60, R9 =0x00007fa38e000000, R10=0x000000000000003c, R11=0x0000000000000206
R12=0x0000000000002718, R13=0x00007fa38d086800, R14=0x0000000000000050, R15=0x0000000000000000
RIP=0x00007fff842ae8f2, EFLAGS=0x0000000000010212, ERR=0x0000000000000000
  TRAPNO=0x000000000000000d

Top of Stack: (sp=0x00007fff541f5900)
0x00007fff541f5900:   00007fff541f5974 00007fa38b40f140
0x00007fff541f5910:   ffffffffffffffff 0000206000000040
0x00007fff541f5920:   00007fa38b40f158 00007fff8363464f
0x00007fff541f5930:   0000000000000000 f000000000000000
0x00007fff541f5940:   0000000300000003 00007fff541f5a88
0x00007fff541f5950:   00007fff541f5a14 00000000000369af
0x00007fff541f5960:   00007fff541f5a0c 00007fff541f5a10
0x00007fff541f5970:   00007fff541f59f0 00007fff9055df1e
0x00007fff541f5980:   0000000000000000 00000000000006bf
0x00007fff541f5990:   0000003400001200 0000040b00000000
0x00007fff541f59a0:   00007fff541f59d0 00007fff905102fe
0x00007fff541f59b0:   00007fff541f5a48 00000000000006bf
0x00007fff541f59c0:   00007fff541f5a00 000000005f6e4ccc
0x00007fff541f59d0:   1c000ac483ca1e15 00007fa38e800000
0x00007fff541f59e0:   0000000000002718 0000000000000000
0x00007fff541f59f0:   0000000000000050 0000000000000000
0x00007fff541f5a00:   00007fff541f5a50 00007fff8d86a7e8
0x00007fff541f5a10:   00007fa38e809e60 0000000000000000
0x00007fff541f5a20:   00007fa38b771fb8 00007fa38b44ae80
0x00007fff541f5a30:   0000000000000000 00007fa38d084750
0x00007fff541f5a40:   00007fa38d082800 00007fff74339070
0x00007fff541f5a50:   00007fff541f5b40 00007fff837cf7ac
0x00007fff541f5a60:   4090680000000000 4069000000000000
0x00007fff541f5a70:   4061e00000000000 4094000000000000
0x00007fff541f5a80:   4087300000000000 0000000000000000
0x00007fff541f5a90:   4036000000000000 4094000000000000
0x00007fff541f5aa0:   4086800000000000 0000000000000000
0x00007fff541f5ab0:   0000000000000000 0000000000000001
0x00007fff541f5ac0:   00007fa38b771fb8 0000000000000001
0x00007fff541f5ad0:   00007fff541f5b40 00007fff837d464c
0x00007fff541f5ae0:   0000000100000003 00007fa38d084750
0x00007fff541f5af0:   00007fa38d084688 000000028d63ffff 

Instructions: (pc=0x00007fff842ae8f2)
0x00007fff842ae8d2:   48 85 d2 b8 01 00 00 00 bb 15 27 00 00 0f 44 d8
0x00007fff842ae8e2:   e9 7f 01 00 00 49 8b 45 08 48 89 85 38 ff ff ff
0x00007fff842ae8f2:   48 8b 00 48 89 85 30 ff ff ff 83 fe 4f 0f 8f fd
0x00007fff842ae902:   00 00 00 48 89 d0 bb 15 27 00 00 83 fe 35 0f 84 

Register to memory mapping:

RAX=0xf000000000000000 is an unknown value
RBX=0x000000000000271e is an unknown value
RCX=0x0000000000000000 is an unknown value
RDX=0x00007fa38b771fb8 is an unknown value
RSP=0x00007fff541f5900 is pointing into the stack for thread: 0x00007fa38d053800
RBP=0x00007fff541f5a00 is pointing into the stack for thread: 0x00007fa38d053800
RSI=0x0000000000000050 is an unknown value
RDI=0x00007fff74339070: __stack_chk_guard+0 in /usr/lib/system/libsystem_c.dylib at 0x00007fff8e190000
R8 =0x00007fa38e809e60 is an unknown value
R9 =0x00007fa38e000000 is an unknown value
R10=0x000000000000003c is an unknown value
R11=0x0000000000000206 is an unknown value
R12=0x0000000000002718 is an unknown value
R13=0x00007fa38d086800 is an unknown value
R14=0x0000000000000050 is an unknown value
R15=0x0000000000000000 is an unknown value


Stack: [0x00007fff5417c000,0x00007fff541fc000],  sp=0x00007fff541f5900,  free space=486k
Native frames: (J=compiled Java code, j=interpreted, Vv=VM code, C=native code)
C  [libGPUSupportMercury.dylib+0xb8f2]  gldAttachDrawable+0x60
C  [GLEngine+0x167e8]  gliAttachDrawableWithOptions+0x101
C  [OpenGL+0x37ac]  glcGetIOAccelService+0xe03
C  [OpenGL+0x73f3]  CGLSetPBuffer+0xb90
C  [OpenGL+0x7716]  CGLSetSurface+0x124
C  [AppKit+0x57e567]  NSOpenGLContextAttachOnScreenViewSurface+0x109
C  [AppKit+0x2c669b]  -[NSOpenGLContext setView:]+0x83
C  [liblwjgl.dylib+0xa586]  -[MacOSXOpenGLView lockFocus]+0x76
C  [AppKit+0x14e3c5]  -[NSView _recursiveDisplayRectIfNeededIgnoringOpacity:isVisibleRect:rectIsVisibleRectForView:topView:]+0x740
C  [AppKit+0x14f420]  -[NSView _recursiveDisplayRectIfNeededIgnoringOpacity:isVisibleRect:rectIsVisibleRectForView:topView:]+0x179b
C  [AppKit+0x14d773]  -[NSThemeFrame _recursiveDisplayRectIfNeededIgnoringOpacity:isVisibleRect:rectIsVisibleRectForView:topView:]+0x14d
C  [AppKit+0x14a2cb]  -[NSView _displayRectIgnoringOpacity:isVisibleRect:rectIsVisibleRectForView:]+0xac9
C  [AppKit+0x128e2d]  -[NSView displayIfNeeded]+0x754
C  [AppKit+0x1461c5]  -[NSWindow displayIfNeeded]+0xe8
C  [AppKit+0x183322]  _handleWindowNeedsDisplayOrLayoutOrUpdateConstraints+0x3a8
C  [Foundation+0x66db3]  __NSFireTimer+0x5f
C  [CoreFoundation+0xb5b64]  __CFRUNLOOP_IS_CALLING_OUT_TO_A_TIMER_CALLBACK_FUNCTION__+0x14
C  [CoreFoundation+0xb57f3]  __CFRunLoopDoTimer+0x423
C  [CoreFoundation+0x128dbd]  __CFRunLoopDoTimers+0x12d
C  [CoreFoundation+0x72288]  __CFRunLoopRun+0x7e8
C  [CoreFoundation+0x71858]  CFRunLoopRunSpecific+0x128
C  [HIToolbox+0x2eaef]  RunCurrentEventLoopInMode+0xeb
C  [HIToolbox+0x2e86a]  ReceiveNextEventCommon+0x1af
C  [HIToolbox+0x2e6ab]  _BlockUntilNextEventMatchingListInModeWithFilter+0x47
C  [AppKit+0x23f81]  _DPSNextEvent+0x3c4
C  [AppKit+0x23730]  -[NSApplication nextEventMatchingMask:untilDate:inMode:dequeue:]+0xc2
C  [libosxapp.dylib+0x24e3]  -[NSApplicationAWT nextEventMatchingMask:untilDate:inMode:dequeue:]+0x7c
C  [AppKit+0x17593]  -[NSApplication run]+0x252
C  [libosxapp.dylib+0x2346]  +[NSApplicationAWT runAWTLoopWithApp:]+0x9c
C  [liblwawt.dylib+0xd889]  -[AWTStarter starter:]+0x369
C  [Foundation+0x65cdc]  __NSThreadPerformPerform+0x125
C  [CoreFoundation+0x80681]  __CFRUNLOOP_IS_CALLING_OUT_TO_A_SOURCE0_PERFORM_FUNCTION__+0x11
C  [CoreFoundation+0x7280d]  __CFRunLoopDoSources0+0x10d
C  [CoreFoundation+0x71e3f]  __CFRunLoopRun+0x39f
C  [CoreFoundation+0x71858]  CFRunLoopRunSpecific+0x128
C  [java+0x73b0]  CreateExecutionEnvironment+0x367
C  [java+0x1b5c]  JLI_Launch+0x7a0
C  [java+0x770d]  main+0x65
C  [java+0x13b4]  start+0x34


---------------  P R O C E S S  ---------------

Java Threads: ( => current thread )
  0x00007fa38b8ca800 JavaThread "AWT-Shutdown" [_thread_blocked, id=28679, stack(0x000000011e668000,0x000000011e768000)]
=>0x00007fa38d053800 JavaThread "AppKit Thread" daemon [_thread_in_native, id=1811, stack(0x00007fff5417c000,0x00007fff541fc000)]
  0x00007fa38b835000 JavaThread "Service Thread" daemon [_thread_blocked, id=17667, stack(0x000000011cd63000,0x000000011ce63000)]
  0x00007fa38b834800 JavaThread "C2 CompilerThread1" daemon [_thread_blocked, id=17155, stack(0x000000011cc60000,0x000000011cd60000)]
  0x00007fa38c023000 JavaThread "C2 CompilerThread0" daemon [_thread_blocked, id=16643, stack(0x000000011cb5d000,0x000000011cc5d000)]
  0x00007fa38c825800 JavaThread "Signal Dispatcher" daemon [_thread_blocked, id=12307, stack(0x000000011ca5a000,0x000000011cb5a000)]
  0x00007fa38c013000 JavaThread "Finalizer" daemon [_thread_blocked, id=11523, stack(0x000000011b125000,0x000000011b225000)]
  0x00007fa38c80e000 JavaThread "Reference Handler" daemon [_thread_blocked, id=11011, stack(0x000000011b022000,0x000000011b122000)]
  0x00007fa38d000000 JavaThread "main" [_thread_in_native, id=4867, stack(0x000000010ce60000,0x000000010cf60000)]

Other Threads:
  0x00007fa38c80d000 VMThread [stack: 0x000000011af1f000,0x000000011b01f000] [id=10499]
  0x00007fa38b832000 WatcherThread [stack: 0x000000011ce66000,0x000000011cf66000] [id=18179]

VM state:not at safepoint (normal execution)

VM Mutex/Monitor currently owned by a thread: None

Heap
 PSYoungGen      total 76800K, used 6808K [0x00000007aaa80000, 0x00000007b0000000, 0x0000000800000000)
  eden space 66048K, 10% used [0x00000007aaa80000,0x00000007ab126208,0x00000007aeb00000)
  from space 10752K, 0% used [0x00000007af580000,0x00000007af580000,0x00000007b0000000)
  to   space 10752K, 0% used [0x00000007aeb00000,0x00000007aeb00000,0x00000007af580000)
 ParOldGen       total 174592K, used 0K [0x0000000700000000, 0x000000070aa80000, 0x00000007aaa80000)
  object space 174592K, 0% used [0x0000000700000000,0x0000000700000000,0x000000070aa80000)
 PSPermGen       total 21504K, used 4813K [0x00000006fae00000, 0x00000006fc300000, 0x0000000700000000)
  object space 21504K, 22% used [0x00000006fae00000,0x00000006fb2b3458,0x00000006fc300000)

Card table byte_map: [0x0000000110022000,0x000000011084c000] byte_map_base: 0x000000010c84b000

Polling page: 0x000000010bb56000

Code Cache  [0x000000010cf62000, 0x000000010d1d2000, 0x000000010ff62000)
 total_blobs=298 nmethods=30 adapters=223 free_code_cache=48693Kb largest_free_block=49841600

Compilation events (10 events):
Event: 0.844 Thread 0x00007fa38b834800 nmethod 24 0x000000010cfd3b10 code [0x000000010cfd3c40, 0x000000010cfd3cb8]
Event: 0.844 Thread 0x00007fa38c023000 nmethod 22 0x000000010cfd3f10 code [0x000000010cfd4040, 0x000000010cfd40b8]
Event: 0.844 Thread 0x00007fa38b834800   25             org.lwjgl.Sys::getTimerResolution (9 bytes)
Event: 0.844 Thread 0x00007fa38c023000   26             org.lwjgl.DefaultSysImplementation::getTimerResolution (4 bytes)
Event: 0.844 Thread 0x00007fa38c023000 nmethod 26 0x000000010cfd1550 code [0x000000010cfd1680, 0x000000010cfd16d8]
Event: 0.844 Thread 0x00007fa38b834800 nmethod 25 0x000000010cfd2250 code [0x000000010cfd2380, 0x000000010cfd23b8]
Event: 0.847 Thread 0x00007fa38c023000   27   !         org.lwjgl.opengl.Sync::sync (125 bytes)
Event: 0.848 Thread 0x00007fa38b834800   28             org.lwjgl.opengl.Sync$RunningAvg::add (38 bytes)
Event: 0.849 Thread 0x00007fa38b834800 nmethod 28 0x000000010cfd1210 code [0x000000010cfd1360, 0x000000010cfd1458]
Event: 0.858 Thread 0x00007fa38c023000 nmethod 27 0x000000010cfd5290 code [0x000000010cfd5480, 0x000000010cfd5dd0]

GC Heap History (0 events):
No events

Deoptimization events (0 events):
No events

Internal exceptions (10 events):
Event: 0.410 Thread 0x00007fa38d000000 Threw 0x00000007aafe64c8 at /HUDSON/workspace/7u-2-build-macosx-x86_64/jdk7u67/1368/hotspot/src/share/vm/prims/jvm.cpp:1244
Event: 0.411 Thread 0x00007fa38d000000 Threw 0x00000007aafecbb8 at /HUDSON/workspace/7u-2-build-macosx-x86_64/jdk7u67/1368/hotspot/src/share/vm/prims/jvm.cpp:1244
Event: 0.411 Thread 0x00007fa38d000000 Threw 0x00000007aaff08f8 at /HUDSON/workspace/7u-2-build-macosx-x86_64/jdk7u67/1368/hotspot/src/share/vm/prims/jvm.cpp:1244
Event: 0.412 Thread 0x00007fa38d000000 Threw 0x00000007aaff4858 at /HUDSON/workspace/7u-2-build-macosx-x86_64/jdk7u67/1368/hotspot/src/share/vm/prims/jvm.cpp:1244
Event: 0.418 Thread 0x00007fa38d000000 Threw 0x00000007ab02dbf0 at /HUDSON/workspace/7u-2-build-macosx-x86_64/jdk7u67/1368/hotspot/src/share/vm/prims/jvm.cpp:1244
Event: 0.464 Thread 0x00007fa38d000000 Threw 0x00000007ab099490 at /HUDSON/workspace/7u-2-build-macosx-x86_64/jdk7u67/1368/hotspot/src/share/vm/prims/jvm.cpp:1244
Event: 0.464 Thread 0x00007fa38d000000 Threw 0x00000007ab09d770 at /HUDSON/workspace/7u-2-build-macosx-x86_64/jdk7u67/1368/hotspot/src/share/vm/prims/jvm.cpp:1244
Event: 0.478 Thread 0x00007fa38d000000 Threw 0x00000007ab0a3028 at /HUDSON/workspace/7u-2-build-macosx-x86_64/jdk7u67/1368/hotspot/src/share/vm/prims/jvm.cpp:1244
Event: 0.493 Thread 0x00007fa38d000000 Threw 0x00000007ab0a9860 at /HUDSON/workspace/7u-2-build-macosx-x86_64/jdk7u67/1368/hotspot/src/share/vm/prims/jvm.cpp:1244
Event: 0.494 Thread 0x00007fa38d000000 Threw 0x00000007ab0adff8 at /HUDSON/workspace/7u-2-build-macosx-x86_64/jdk7u67/1368/hotspot/src/share/vm/prims/jvm.cpp:1244

Events (10 events):
Event: 0.478 loading class 0x00007fa38b731810
Event: 0.478 loading class 0x00007fa38b731810 done
Event: 0.493 loading class 0x00007fa38b7317b0
Event: 0.493 loading class 0x00007fa38b7317b0 done
Event: 0.494 loading class 0x00007fa38b572720
Event: 0.494 loading class 0x00007fa38b572720 done
Event: 4.105 Executing VM operation: EnableBiasedLocking
Event: 4.105 Executing VM operation: EnableBiasedLocking done
Event: 4.882 loading class 0x00007fa38b565f10
Event: 4.882 loading class 0x00007fa38b565f10 done


Dynamic libraries:
0x00000000025e2000 	/System/Library/Frameworks/Cocoa.framework/Versions/A/Cocoa
0x00000000025e2000 	/System/Library/Frameworks/Security.framework/Versions/A/Security
0x00000000025e2000 	/System/Library/Frameworks/ApplicationServices.framework/Versions/A/ApplicationServices
0x00000000025e2000 	/usr/lib/libz.1.dylib
0x00000000025e2000 	/usr/lib/libSystem.B.dylib
0x00000000025e2000 	/usr/lib/libobjc.A.dylib
0x00000000025e2000 	/System/Library/Frameworks/CoreFoundation.framework/Versions/A/CoreFoundation
0x00000000025e2000 	/System/Library/Frameworks/Foundation.framework/Versions/C/Foundation
0x00000000025e2000 	/System/Library/Frameworks/AppKit.framework/Versions/C/AppKit
0x00000000025e2000 	/System/Library/Frameworks/CoreData.framework/Versions/A/CoreData
0x00000000025e2000 	/System/Library/PrivateFrameworks/RemoteViewServices.framework/Versions/A/RemoteViewServices
0x00000000025e2000 	/System/Library/PrivateFrameworks/UIFoundation.framework/Versions/A/UIFoundation
0x00000000025e2000 	/System/Library/Frameworks/IOSurface.framework/Versions/A/IOSurface
0x00000000025e2000 	/System/Library/Frameworks/AudioToolbox.framework/Versions/A/AudioToolbox
0x00000000025e2000 	/System/Library/Frameworks/AudioUnit.framework/Versions/A/AudioUnit
0x00000000025e2000 	/System/Library/PrivateFrameworks/DataDetectorsCore.framework/Versions/A/DataDetectorsCore
0x00000000025e2000 	/System/Library/PrivateFrameworks/DesktopServicesPriv.framework/Versions/A/DesktopServicesPriv
0x00000000025e2000 	/System/Library/Frameworks/Carbon.framework/Versions/A/Frameworks/HIToolbox.framework/Versions/A/HIToolbox
0x00000000025e2000 	/System/Library/Frameworks/QuartzCore.framework/Versions/A/QuartzCore
0x00000000025e2000 	/System/Library/Frameworks/Carbon.framework/Versions/A/Frameworks/SpeechRecognition.framework/Versions/A/SpeechRecognition
0x00000000025e2000 	/usr/lib/libauto.dylib
0x00000000025e2000 	/usr/lib/libicucore.A.dylib
0x00000000025e2000 	/usr/lib/libxml2.2.dylib
0x00000000025e2000 	/System/Library/PrivateFrameworks/CoreUI.framework/Versions/A/CoreUI
0x00000000025e2000 	/System/Library/Frameworks/CoreAudio.framework/Versions/A/CoreAudio
0x00000000025e2000 	/System/Library/Frameworks/DiskArbitration.framework/Versions/A/DiskArbitration
0x00000000025e2000 	/usr/lib/liblangid.dylib
0x00000000025e2000 	/System/Library/PrivateFrameworks/MultitouchSupport.framework/Versions/A/MultitouchSupport
0x00000000025e2000 	/System/Library/Frameworks/IOKit.framework/Versions/A/IOKit
0x00000000025e2000 	/usr/lib/libDiagnosticMessagesClient.dylib
0x00000000025e2000 	/System/Library/Frameworks/CoreServices.framework/Versions/A/CoreServices
0x00000000025e2000 	/System/Library/PrivateFrameworks/PerformanceAnalysis.framework/Versions/A/PerformanceAnalysis
0x00000000025e2000 	/System/Library/PrivateFrameworks/GenerationalStorage.framework/Versions/A/GenerationalStorage
0x00000000025e2000 	/System/Library/Frameworks/OpenGL.framework/Versions/A/OpenGL
0x00000000025e2000 	/System/Library/PrivateFrameworks/Sharing.framework/Versions/A/Sharing
0x00000000025e2000 	/System/Library/Frameworks/CoreGraphics.framework/Versions/A/CoreGraphics
0x00000000025e2000 	/System/Library/Frameworks/CoreText.framework/Versions/A/CoreText
0x00000000025e2000 	/System/Library/Frameworks/ImageIO.framework/Versions/A/ImageIO
0x00000000025e2000 	/usr/lib/libextension.dylib
0x00000000025e2000 	/System/Library/PrivateFrameworks/Backup.framework/Versions/A/Backup
0x00000000025e2000 	/usr/lib/libarchive.2.dylib
0x00000000025e2000 	/System/Library/Frameworks/CFNetwork.framework/Versions/A/CFNetwork
0x00000000025e2000 	/System/Library/Frameworks/SystemConfiguration.framework/Versions/A/SystemConfiguration
0x00000000025e2000 	/usr/lib/libCRFSuite.dylib
0x00000000025e2000 	/usr/lib/libc++.1.dylib
0x00000000025e2000 	/usr/lib/libc++abi.dylib
0x00000000025e2000 	/usr/lib/system/libcache.dylib
0x00000000025e2000 	/usr/lib/system/libcommonCrypto.dylib
0x00000000025e2000 	/usr/lib/system/libcompiler_rt.dylib
0x00000000025e2000 	/usr/lib/system/libcopyfile.dylib
0x00000000025e2000 	/usr/lib/system/libcorecrypto.dylib
0x00000000025e2000 	/usr/lib/system/libdispatch.dylib
0x00000000025e2000 	/usr/lib/system/libdyld.dylib
0x00000000025e2000 	/usr/lib/system/libkeymgr.dylib
0x00000000025e2000 	/usr/lib/system/liblaunch.dylib
0x00000000025e2000 	/usr/lib/system/libmacho.dylib
0x00000000025e2000 	/usr/lib/system/libquarantine.dylib
0x00000000025e2000 	/usr/lib/system/libremovefile.dylib
0x00000000025e2000 	/usr/lib/system/libsystem_asl.dylib
0x00000000025e2000 	/usr/lib/system/libsystem_blocks.dylib
0x00000000025e2000 	/usr/lib/system/libsystem_c.dylib
0x00000000025e2000 	/usr/lib/system/libsystem_configuration.dylib
0x00000000025e2000 	/usr/lib/system/libsystem_coreservices.dylib
0x00000000025e2000 	/usr/lib/system/libsystem_coretls.dylib
0x00000000025e2000 	/usr/lib/system/libsystem_dnssd.dylib
0x00000000025e2000 	/usr/lib/system/libsystem_info.dylib
0x00000000025e2000 	/usr/lib/system/libsystem_kernel.dylib
0x00000000025e2000 	/usr/lib/system/libsystem_m.dylib
0x00000000025e2000 	/usr/lib/system/libsystem_malloc.dylib
0x00000000025e2000 	/usr/lib/system/libsystem_network.dylib
0x00000000025e2000 	/usr/lib/system/libsystem_networkextension.dylib
0x00000000025e2000 	/usr/lib/system/libsystem_notify.dylib
0x00000000025e2000 	/usr/lib/system/libsystem_platform.dylib
0x00000000025e2000 	/usr/lib/system/libsystem_pthread.dylib
0x00000000025e2000 	/usr/lib/system/libsystem_sandbox.dylib
0x00000000025e2000 	/usr/lib/system/libsystem_secinit.dylib
0x00000000025e2000 	/usr/lib/system/libsystem_stats.dylib
0x00000000025e2000 	/usr/lib/system/libsystem_trace.dylib
0x00000000025e2000 	/usr/lib/system/libunc.dylib
0x00000000025e2000 	/usr/lib/system/libunwind.dylib
0x00000000025e2000 	/usr/lib/system/libxpc.dylib
0x00000000025e2000 	/usr/lib/libbz2.1.0.dylib
0x00000000025e2000 	/usr/lib/liblzma.5.dylib
0x00000000025e2000 	/usr/lib/libbsm.0.dylib
0x00000000025e2000 	/usr/lib/libsqlite3.dylib
0x00000000025e2000 	/usr/lib/system/libkxld.dylib
0x00000000025e2000 	/usr/lib/libxar.1.dylib
0x00000000025e2000 	/usr/lib/libpam.2.dylib
0x00000000025e2000 	/usr/lib/libOpenScriptingUtil.dylib
0x00000000025e2000 	/System/Library/Frameworks/CoreServices.framework/Versions/A/Frameworks/FSEvents.framework/Versions/A/FSEvents
0x00000000025e2000 	/System/Library/Frameworks/CoreServices.framework/Versions/A/Frameworks/CarbonCore.framework/Versions/A/CarbonCore
0x00000000025e2000 	/System/Library/Frameworks/CoreServices.framework/Versions/A/Frameworks/Metadata.framework/Versions/A/Metadata
0x00000000025e2000 	/System/Library/Frameworks/CoreServices.framework/Versions/A/Frameworks/OSServices.framework/Versions/A/OSServices
0x00000000025e2000 	/System/Library/Frameworks/CoreServices.framework/Versions/A/Frameworks/SearchKit.framework/Versions/A/SearchKit
0x00000000025e2000 	/System/Library/Frameworks/CoreServices.framework/Versions/A/Frameworks/AE.framework/Versions/A/AE
0x00000000025e2000 	/System/Library/Frameworks/CoreServices.framework/Versions/A/Frameworks/LaunchServices.framework/Versions/A/LaunchServices
0x00000000025e2000 	/System/Library/Frameworks/CoreServices.framework/Versions/A/Frameworks/DictionaryServices.framework/Versions/A/DictionaryServices
0x00000000025e2000 	/System/Library/Frameworks/NetFS.framework/Versions/A/NetFS
0x00000000025e2000 	/System/Library/PrivateFrameworks/NetAuth.framework/Versions/A/NetAuth
0x00000000025e2000 	/System/Library/PrivateFrameworks/login.framework/Versions/A/Frameworks/loginsupport.framework/Versions/A/loginsupport
0x00000000025e2000 	/System/Library/PrivateFrameworks/TCC.framework/Versions/A/TCC
0x00000000025e2000 	/usr/lib/libmecabra.dylib
0x00000000025e2000 	/System/Library/Frameworks/ApplicationServices.framework/Versions/A/Frameworks/ATS.framework/Versions/A/ATS
0x00000000025e2000 	/System/Library/Frameworks/ApplicationServices.framework/Versions/A/Frameworks/ColorSync.framework/Versions/A/ColorSync
0x00000000025e2000 	/System/Library/Frameworks/ApplicationServices.framework/Versions/A/Frameworks/HIServices.framework/Versions/A/HIServices
0x00000000025e2000 	/System/Library/Frameworks/ApplicationServices.framework/Versions/A/Frameworks/LangAnalysis.framework/Versions/A/LangAnalysis
0x00000000025e2000 	/System/Library/Frameworks/ApplicationServices.framework/Versions/A/Frameworks/PrintCore.framework/Versions/A/PrintCore
0x00000000025e2000 	/System/Library/Frameworks/ApplicationServices.framework/Versions/A/Frameworks/QD.framework/Versions/A/QD
0x00000000025e2000 	/System/Library/Frameworks/ApplicationServices.framework/Versions/A/Frameworks/SpeechSynthesis.framework/Versions/A/SpeechSynthesis
0x00000000025e2000 	/System/Library/Frameworks/Accelerate.framework/Versions/A/Accelerate
0x00000000025e2000 	/System/Library/Frameworks/Accelerate.framework/Versions/A/Frameworks/vImage.framework/Versions/A/vImage
0x00000000025e2000 	/System/Library/Frameworks/Accelerate.framework/Versions/A/Frameworks/vecLib.framework/Versions/A/vecLib
0x00000000025e2000 	/System/Library/Frameworks/Accelerate.framework/Versions/A/Frameworks/vecLib.framework/Versions/A/libvDSP.dylib
0x00000000025e2000 	/System/Library/Frameworks/Accelerate.framework/Versions/A/Frameworks/vecLib.framework/Versions/A/libvMisc.dylib
0x00000000025e2000 	/System/Library/Frameworks/Accelerate.framework/Versions/A/Frameworks/vecLib.framework/Versions/A/libLAPACK.dylib
0x00000000025e2000 	/System/Library/Frameworks/Accelerate.framework/Versions/A/Frameworks/vecLib.framework/Versions/A/libBLAS.dylib
0x00000000025e2000 	/System/Library/Frameworks/Accelerate.framework/Versions/A/Frameworks/vecLib.framework/Versions/A/libLinearAlgebra.dylib
0x00000000025e2000 	/System/Library/Frameworks/ApplicationServices.framework/Versions/A/Frameworks/ATS.framework/Versions/A/Resources/libFontParser.dylib
0x00000000025e2000 	/System/Library/Frameworks/ApplicationServices.framework/Versions/A/Frameworks/ATS.framework/Versions/A/Resources/libFontRegistry.dylib
0x00000000025e2000 	/System/Library/PrivateFrameworks/AppleVPA.framework/Versions/A/AppleVPA
0x00000000025e2000 	/System/Library/PrivateFrameworks/AppleJPEG.framework/Versions/A/AppleJPEG
0x00000000025e2000 	/System/Library/Frameworks/ImageIO.framework/Versions/A/Resources/libJPEG.dylib
0x00000000025e2000 	/System/Library/Frameworks/ImageIO.framework/Versions/A/Resources/libTIFF.dylib
0x00000000025e2000 	/System/Library/Frameworks/ImageIO.framework/Versions/A/Resources/libPng.dylib
0x00000000025e2000 	/System/Library/Frameworks/ImageIO.framework/Versions/A/Resources/libGIF.dylib
0x00000000025e2000 	/System/Library/Frameworks/ImageIO.framework/Versions/A/Resources/libJP2.dylib
0x00000000025e2000 	/System/Library/Frameworks/ImageIO.framework/Versions/A/Resources/libRadiance.dylib
0x00000000025e2000 	/System/Library/Frameworks/CoreVideo.framework/Versions/A/CoreVideo
0x00000000025e2000 	/System/Library/Frameworks/OpenGL.framework/Versions/A/Libraries/libGLU.dylib
0x00000000025e2000 	/System/Library/Frameworks/OpenGL.framework/Versions/A/Libraries/libGFXShared.dylib
0x00000000025e2000 	/System/Library/Frameworks/OpenGL.framework/Versions/A/Libraries/libGL.dylib
0x00000000025e2000 	/System/Library/Frameworks/OpenGL.framework/Versions/A/Libraries/libGLImage.dylib
0x00000000025e2000 	/System/Library/Frameworks/OpenGL.framework/Versions/A/Libraries/libCVMSPluginSupport.dylib
0x00000000025e2000 	/System/Library/Frameworks/OpenGL.framework/Versions/A/Libraries/libCoreVMClient.dylib
0x00000000025e2000 	/usr/lib/libcups.2.dylib
0x00000000025e2000 	/System/Library/Frameworks/Kerberos.framework/Versions/A/Kerberos
0x00000000025e2000 	/System/Library/Frameworks/GSS.framework/Versions/A/GSS
0x00000000025e2000 	/usr/lib/libresolv.9.dylib
0x00000000025e2000 	/usr/lib/libiconv.2.dylib
0x00000000025e2000 	/System/Library/PrivateFrameworks/Heimdal.framework/Versions/A/Heimdal
0x00000000025e2000 	/usr/lib/libheimdal-asn1.dylib
0x00000000025e2000 	/System/Library/Frameworks/OpenDirectory.framework/Versions/A/OpenDirectory
0x00000000025e2000 	/System/Library/PrivateFrameworks/CommonAuth.framework/Versions/A/CommonAuth
0x00000000025e2000 	/System/Library/Frameworks/OpenDirectory.framework/Versions/A/Frameworks/CFOpenDirectory.framework/Versions/A/CFOpenDirectory
0x00000000025e2000 	/System/Library/Frameworks/SecurityFoundation.framework/Versions/A/SecurityFoundation
0x00000000025e2000 	/System/Library/PrivateFrameworks/LanguageModeling.framework/Versions/A/LanguageModeling
0x00000000025e2000 	/usr/lib/libcmph.dylib
0x00000000025e2000 	/System/Library/Frameworks/ServiceManagement.framework/Versions/A/ServiceManagement
0x00000000025e2000 	/usr/lib/libxslt.1.dylib
0x00000000025e2000 	/System/Library/Frameworks/Carbon.framework/Versions/A/Frameworks/Ink.framework/Versions/A/Ink
0x00000000025e2000 	/System/Library/Frameworks/QuartzCore.framework/Versions/A/Frameworks/CoreImage.framework/Versions/A/CoreImage
0x00000000025e2000 	/System/Library/PrivateFrameworks/CrashReporterSupport.framework/Versions/A/CrashReporterSupport
0x00000000025e2000 	/System/Library/Frameworks/OpenCL.framework/Versions/A/OpenCL
0x00000000025e2000 	/System/Library/PrivateFrameworks/FaceCore.framework/Versions/A/FaceCore
0x00000000025e2000 	/System/Library/PrivateFrameworks/Ubiquity.framework/Versions/A/Ubiquity
0x00000000025e2000 	/System/Library/PrivateFrameworks/IconServices.framework/Versions/A/IconServices
0x00000000025e2000 	/System/Library/PrivateFrameworks/ChunkingLibrary.framework/Versions/A/ChunkingLibrary
0x00000000025e2000 	/System/Library/PrivateFrameworks/Apple80211.framework/Versions/A/Apple80211
0x00000000025e2000 	/System/Library/Frameworks/CoreWLAN.framework/Versions/A/CoreWLAN
0x00000000025e2000 	/System/Library/Frameworks/IOBluetooth.framework/Versions/A/IOBluetooth
0x00000000025e2000 	/System/Library/PrivateFrameworks/CoreWiFi.framework/Versions/A/CoreWiFi
0x00000000025e2000 	/System/Library/Frameworks/CoreBluetooth.framework/Versions/A/CoreBluetooth
0x00000000025e2000 	/System/Library/PrivateFrameworks/DebugSymbols.framework/Versions/A/DebugSymbols
0x00000000025e2000 	/System/Library/PrivateFrameworks/CoreSymbolication.framework/Versions/A/CoreSymbolication
0x00000000025e2000 	/System/Library/PrivateFrameworks/Symbolication.framework/Versions/A/Symbolication
0x00000000025e2000 	/System/Library/PrivateFrameworks/SpeechRecognitionCore.framework/Versions/A/SpeechRecognitionCore
0x000000010c400000 	/Library/Java/JavaVirtualMachines/jdk1.7.0_67.jdk/Contents/Home/jre/lib/server/libjvm.dylib
0x00000000025e2000 	/usr/lib/libstdc++.6.dylib
0x000000010bb19000 	/Library/Java/JavaVirtualMachines/jdk1.7.0_67.jdk/Contents/Home/jre/lib/libverify.dylib
0x000000010bb26000 	/Library/Java/JavaVirtualMachines/jdk1.7.0_67.jdk/Contents/Home/jre/lib/libjava.dylib
0x000000010bb60000 	/Library/Java/JavaVirtualMachines/jdk1.7.0_67.jdk/Contents/Home/jre/lib/libzip.dylib
0x000000010bbe5000 	/System/Library/Frameworks/JavaVM.framework/Frameworks/JavaRuntimeSupport.framework/JavaRuntimeSupport
0x000000011b227000 	/System/Library/Frameworks/JavaVM.framework/Versions/A/Frameworks/JavaNativeFoundation.framework/Versions/A/JavaNativeFoundation
0x000000011b23c000 	/System/Library/Frameworks/JavaVM.framework/Versions/A/JavaVM
0x00000000025e2000 	/System/Library/Frameworks/Carbon.framework/Versions/A/Carbon
0x000000011b249000 	/System/Library/PrivateFrameworks/JavaLaunching.framework/Versions/A/JavaLaunching
0x00000000025e2000 	/System/Library/Frameworks/Carbon.framework/Versions/A/Frameworks/CommonPanels.framework/Versions/A/CommonPanels
0x00000000025e2000 	/System/Library/Frameworks/Carbon.framework/Versions/A/Frameworks/Help.framework/Versions/A/Help
0x00000000025e2000 	/System/Library/Frameworks/Carbon.framework/Versions/A/Frameworks/ImageCapture.framework/Versions/A/ImageCapture
0x00000000025e2000 	/System/Library/Frameworks/Carbon.framework/Versions/A/Frameworks/OpenScripting.framework/Versions/A/OpenScripting
0x00000000025e2000 	/System/Library/Frameworks/Carbon.framework/Versions/A/Frameworks/Print.framework/Versions/A/Print
0x00000000025e2000 	/System/Library/Frameworks/Carbon.framework/Versions/A/Frameworks/SecurityHI.framework/Versions/A/SecurityHI
0x000000011cfb1000 	/Library/Java/JavaVirtualMachines/jdk1.7.0_67.jdk/Contents/Home/jre/lib/libawt.dylib
0x000000011d060000 	/Library/Java/JavaVirtualMachines/jdk1.7.0_67.jdk/Contents/Home/jre/lib/./libmlib_image.dylib
0x000000011d12c000 	/Library/Java/JavaVirtualMachines/jdk1.7.0_67.jdk/Contents/Home/jre/lib/lwawt/liblwawt.dylib
0x000000011d1e0000 	/Library/Java/JavaVirtualMachines/jdk1.7.0_67.jdk/Contents/Home/jre/lib/libosxapp.dylib
0x00000000025e2000 	/System/Library/Frameworks/ExceptionHandling.framework/Versions/A/ExceptionHandling
0x00000000025e2000 	/System/Library/PrivateFrameworks/CoreServicesInternal.framework/Versions/A/CoreServicesInternal
0x00000000025e2000 	/System/Library/PrivateFrameworks/CloudDocs.framework/Versions/A/CloudDocs
0x00000000025e2000 	/System/Library/PrivateFrameworks/CoreDuet.framework/Versions/A/CoreDuet
0x00000000025e2000 	/System/Library/Frameworks/CloudKit.framework/Versions/A/CloudKit
0x00000000025e2000 	/System/Library/PrivateFrameworks/ProtocolBuffer.framework/Versions/A/ProtocolBuffer
0x00000000025e2000 	/System/Library/PrivateFrameworks/CoreDuetDaemonProtocol.framework/Versions/A/CoreDuetDaemonProtocol
0x00000000025e2000 	/System/Library/PrivateFrameworks/CoreDuetDebugLogging.framework/Versions/A/CoreDuetDebugLogging
0x00000000025e2000 	/System/Library/Frameworks/CoreLocation.framework/Versions/A/CoreLocation
0x00000000025e2000 	/System/Library/Frameworks/Accounts.framework/Versions/A/Accounts
0x00000000025e2000 	/System/Library/PrivateFrameworks/ApplePushService.framework/Versions/A/ApplePushService
0x00000000025e2000 	/System/Library/PrivateFrameworks/GeoServices.framework/Versions/A/GeoServices
0x00000000025e2000 	/System/Library/PrivateFrameworks/OAuth.framework/Versions/A/OAuth
0x00000000025e2000 	/System/Library/PrivateFrameworks/CoreDaemon.framework/Versions/B/CoreDaemon
0x00000000025e2000 	/usr/lib/libcrypto.0.9.8.dylib
0x00000000025e2000 	/System/Library/PrivateFrameworks/AppleSRP.framework/Versions/A/AppleSRP
0x00000000025e2000 	/System/Library/PrivateFrameworks/TrustEvaluationAgent.framework/Versions/A/TrustEvaluationAgent
0x00000000025e2000 	/System/Library/Frameworks/CoreGraphics.framework/Versions/A/Resources/libCGCMS.A.dylib
0x00000000025e2000 	/System/Library/Frameworks/CoreGraphics.framework/Versions/A/Resources/libRIP.A.dylib
0x00000000025e2000 	/System/Library/Frameworks/CoreGraphics.framework/Versions/A/Resources/libCGXType.A.dylib
0x00000000025e2000 	/System/Library/Frameworks/OpenCL.framework/Versions/A/Libraries/libcldcpuengine.dylib
0x00000000025e2000 	/System/Library/PrivateFrameworks/DiskImages.framework/Versions/A/DiskImages
0x00000000025e2000 	/System/Library/Frameworks/DiscRecording.framework/Versions/A/DiscRecording
0x00000000025e2000 	/usr/lib/libcsfde.dylib
0x00000000025e2000 	/usr/lib/libcurl.4.dylib
0x00000000025e2000 	/System/Library/PrivateFrameworks/MediaKit.framework/Versions/A/MediaKit
0x00000000025e2000 	/System/Library/PrivateFrameworks/ProtectedCloudStorage.framework/Versions/A/ProtectedCloudStorage
0x00000000025e2000 	/usr/lib/libCoreStorage.dylib
0x00000000025e2000 	/System/Library/PrivateFrameworks/EFILogin.framework/Versions/A/EFILogin
0x00000000025e2000 	/usr/lib/libutil.dylib
0x00000000025e2000 	/System/Library/PrivateFrameworks/FindMyDevice.framework/Versions/A/FindMyDevice
0x00000000025e2000 	/System/Library/Frameworks/LDAP.framework/Versions/A/LDAP
0x00000000025e2000 	/usr/lib/libsasl2.2.dylib
0x00000001201f4000 	cl_kernels
0x00000001201f6000 	/System/Library/Frameworks/OpenCL.framework/Versions/A/Libraries/ImageFormats/unorm8_bgra.dylib
0x00000001201e6000 	cl_kernels
0x00000000025e2000 	/System/Library/PrivateFrameworks/FamilyControls.framework/Versions/A/FamilyControls
0x00000000025e2000 	/System/Library/PrivateFrameworks/CommerceKit.framework/Versions/A/Frameworks/CommerceCore.framework/Versions/A/CommerceCore
0x00000000025e2000 	/System/Library/PrivateFrameworks/SystemAdministration.framework/Versions/A/SystemAdministration
0x00000000025e2000 	/System/Library/PrivateFrameworks/AppContainer.framework/Versions/A/AppContainer
0x00000000025e2000 	/System/Library/PrivateFrameworks/SecCodeWrapper.framework/Versions/A/SecCodeWrapper
0x00000000025e2000 	/System/Library/Frameworks/DirectoryService.framework/Versions/A/DirectoryService
0x00000000025e2000 	/System/Library/PrivateFrameworks/LoginUIKit.framework/Versions/A/Frameworks/LoginUICore.framework/Versions/A/LoginUICore
0x00000000025e2000 	/usr/lib/libodfde.dylib
0x000000012142e000 	/Library/Java/JavaVirtualMachines/jdk1.7.0_67.jdk/Contents/Home/jre/lib/libfontmanager.dylib
0x0000000121495000 	/Users/cisom/Desktop/LWJGL 2,9,3/native/macosx/liblwjgl.dylib
0x000000011f641000 	/Library/Java/JavaVirtualMachines/jdk1.7.0_67.jdk/Contents/Home/jre/lib/libjawt.dylib
0x00000000025e2000 	/System/Library/Frameworks/OpenGL.framework/Versions/A/Resources/GLEngine.bundle/GLEngine
0x00000000025e2000 	/System/Library/Frameworks/OpenGL.framework/Versions/A/Libraries/libGLProgrammability.dylib
0x0000000000000000 	/System/Library/Extensions/AppleIntelHD5000GraphicsGLDriver.bundle/Contents/MacOS/AppleIntelHD5000GraphicsGLDriver
0x00000000025e2000 	/System/Library/PrivateFrameworks/IOAccelerator.framework/Versions/A/IOAccelerator
0x00000000025e2000 	/System/Library/PrivateFrameworks/GPUSupport.framework/Versions/A/Libraries/libGPUSupportMercury.dylib
0x00000000025e2000 	/System/Library/Frameworks/OpenGL.framework/Versions/A/Resources/GLRendererFloat.bundle/GLRendererFloat

VM Arguments:
jvm_args: -Djava.library.path=/Users/cisom/Desktop/LWJGL 2,9,3/native/macosx:/Users/cisom/Desktop/LWJGL 2,9,3/native/macosx -Dfile.encoding=UTF-8 
java_command: simpleGame.main.GameLoop
Launcher Type: SUN_STANDARD

Environment Variables:
PATH=/usr/bin:/bin:/usr/sbin:/sbin
SHELL=/bin/bash

Signal Handlers:
SIGSEGV: [libjvm.dylib+0x52b6c9], sa_mask[0]=0xfffefeff, sa_flags=0x00000043
SIGBUS: [libjvm.dylib+0x52b6c9], sa_mask[0]=0xfffefeff, sa_flags=0x00000042
SIGFPE: [libjvm.dylib+0x41deaa], sa_mask[0]=0xfffefeff, sa_flags=0x00000042
SIGPIPE: [libjvm.dylib+0x41deaa], sa_mask[0]=0xfffefeff, sa_flags=0x00000042
SIGXFSZ: [libjvm.dylib+0x41deaa], sa_mask[0]=0xfffefeff, sa_flags=0x00000042
SIGILL: [libjvm.dylib+0x41deaa], sa_mask[0]=0xfffefeff, sa_flags=0x00000042
SIGUSR1: SIG_DFL, sa_mask[0]=0x00000000, sa_flags=0x00000000
SIGUSR2: [libjvm.dylib+0x41d99c], sa_mask[0]=0x00000004, sa_flags=0x00000042
SIGHUP: [libjvm.dylib+0x41bc2d], sa_mask[0]=0xfffefeff, sa_flags=0x00000042
SIGINT: [libjvm.dylib+0x41bc2d], sa_mask[0]=0xfffefeff, sa_flags=0x00000042
SIGTERM: [libjvm.dylib+0x41bc2d], sa_mask[0]=0xfffefeff, sa_flags=0x00000042
SIGQUIT: [libjvm.dylib+0x41bc2d], sa_mask[0]=0xfffefeff, sa_flags=0x00000042


---------------  S Y S T E M  ---------------

OS:Bsduname:Darwin 14.1.0 Darwin Kernel Version 14.1.0: Mon Dec 22 23:10:38 PST 2014; root:xnu-2782.10.72~2/RELEASE_X86_64 x86_64
rlimit: STACK 8192k, CORE 0k, NPROC 709, NOFILE 10240, AS infinity
load average:2.25 2.69 2.67

CPU:total 4 (2 cores per cpu, 2 threads per core) family 6 model 69 stepping 1, cmov, cx8, fxsr, mmx, sse, sse2, sse3, ssse3, sse4.1, sse4.2, popcnt, avx, avx2, aes, erms, ht, tsc, tscinvbit

Memory: 4k page, physical 16777216k(4194304k free)

/proc/meminfo:


vm_info: Java HotSpot(TM) 64-Bit Server VM (24.65-b04) for bsd-amd64 JRE (1.7.0_67-b01), built on Jul 25 2014 08:51:51 by "java_re" with gcc 4.2.1 (Based on Apple Inc. build 5658) (LLVM build 2336.11.00)

time: Fri Mar 13 21:44:47 2015
elapsed time: 4 seconds

